2024-09-23 23:03:42.198 [main] INFO  org.testng.internal.Utils - [TestNG] Running:
  D:\OIT\BackendWorkspace\QafoxCartV1\master.xml

2024-09-23 23:03:50.758 [main] INFO  testCases.TC04_JSE_LoginTest - ****** Starting TC04_JSE_LoginTest ******
2024-09-23 23:06:52.071 [main] DEBUG org.testng.TestNG - suiteXmlPath: "D:\OIT\BackendWorkspace\QafoxCartV1\master.xml"
2024-09-23 23:06:52.293 [main] INFO  org.testng.internal.Utils - [TestNG] Running:
  D:\OIT\BackendWorkspace\QafoxCartV1\master.xml

2024-09-23 23:06:56.594 [main] INFO  testCases.TC04_JSE_LoginTest - ****** Starting TC04_JSE_LoginTest ******
2024-09-23 23:08:46.498 [main] DEBUG org.testng.TestNG - suiteXmlPath: "D:\OIT\BackendWorkspace\QafoxCartV1\master.xml"
2024-09-23 23:08:46.849 [main] INFO  org.testng.internal.Utils - [TestNG] Running:
  D:\OIT\BackendWorkspace\QafoxCartV1\master.xml

2024-09-23 23:08:59.366 [main] INFO  testCases.TC04_JSE_LoginTest - ****** Starting TC04_JSE_LoginTest ******
2024-09-23 23:11:58.101 [main] DEBUG org.testng.TestNG - suiteXmlPath: "D:\OIT\BackendWorkspace\QafoxCartV1\master.xml"
2024-09-23 23:11:58.305 [main] INFO  org.testng.internal.Utils - [TestNG] Running:
  D:\OIT\BackendWorkspace\QafoxCartV1\master.xml

2024-09-23 23:12:02.798 [main] INFO  testCases.TC04_JSE_LoginTest - ****** Starting TC04_JSE_LoginTest ******
2024-09-23 23:12:02.815 [main] INFO  testCases.TC04_JSE_LoginTest - MyAccountWebElmnt() is [[ChromeDriver: chrome on windows (8688a30fe2c88ed3eb205236bbca8a2b)] -> xpath: //span[normalize-space()='My Account']]
2024-09-23 23:12:02.833 [main] INFO  testCases.TC04_JSE_LoginTest - Clicked on MyAccount Link
2024-09-23 23:12:03.278 [main] INFO  testCases.TC04_JSE_LoginTest - Clicked on Login Link
2024-09-23 23:12:08.293 [main] INFO  testCases.TC04_JSE_LoginTest - ****** Finished TC02_LoginTest ******
2024-09-23 23:12:55.340 [main] DEBUG org.testng.TestNG - suiteXmlPath: "D:\OIT\BackendWorkspace\QafoxCartV1\master.xml"
2024-09-23 23:12:55.546 [main] INFO  org.testng.internal.Utils - [TestNG] Running:
  D:\OIT\BackendWorkspace\QafoxCartV1\master.xml

2024-09-23 23:12:59.713 [main] INFO  testCases.TC04_JSE_LoginTest - ****** Starting TC04_JSE_LoginTest ******
2024-09-23 23:12:59.730 [main] INFO  testCases.TC04_JSE_LoginTest - MyAccountWebElmnt() is [[ChromeDriver: chrome on windows (0ecb221e032152b156334a7430432f98)] -> xpath: //span[normalize-space()='My Account']]
2024-09-23 23:12:59.748 [main] INFO  testCases.TC04_JSE_LoginTest - Clicked on MyAccount Link
2024-09-23 23:13:05.057 [main] INFO  testCases.TC04_JSE_LoginTest - Clicked on Login Link
2024-09-23 23:13:10.061 [main] INFO  testCases.TC04_JSE_LoginTest - ****** Finished TC02_LoginTest ******
2024-09-23 23:22:28.149 [main] DEBUG org.testng.TestNG - suiteXmlPath: "D:\OIT\BackendWorkspace\QafoxCartV1\master.xml"
2024-09-23 23:22:28.346 [main] INFO  org.testng.internal.Utils - [TestNG] Running:
  D:\OIT\BackendWorkspace\QafoxCartV1\master.xml

2024-09-23 23:22:36.217 [main] INFO  testCases.TC04_JSE_LoginTest - ****** Starting TC04_JSE_LoginTest ******
2024-09-23 23:22:36.240 [main] INFO  testCases.TC04_JSE_LoginTest - MyAccountWebElmnt() is [[ChromeDriver: chrome on windows (de40b95935a651d9de9dae784e4a9680)] -> xpath: //span[normalize-space()='My Account']]
2024-09-23 23:22:36.264 [main] INFO  testCases.TC04_JSE_LoginTest - Clicked on MyAccount Link
2024-09-23 23:22:41.786 [main] INFO  testCases.TC04_JSE_LoginTest - Clicked on Login Link
2024-09-23 23:22:43.749 [main] INFO  testCases.TC04_JSE_LoginTest - ****** Finished TC02_LoginTest ******
2024-09-23 23:24:17.372 [main] DEBUG org.testng.TestNG - suiteXmlPath: "D:\OIT\BackendWorkspace\QafoxCartV1\master.xml"
2024-09-23 23:24:17.578 [main] INFO  org.testng.internal.Utils - [TestNG] Running:
  D:\OIT\BackendWorkspace\QafoxCartV1\master.xml

2024-09-23 23:24:21.703 [main] INFO  testCases.TC04_JSE_LoginTest - ****** Starting TC04_JSE_LoginTest ******
2024-09-23 23:24:21.720 [main] INFO  testCases.TC04_JSE_LoginTest - MyAccountWebElmnt() is [[ChromeDriver: chrome on windows (df3b520428bb82f0fbe2cab9c903ce98)] -> xpath: //span[normalize-space()='My Account']]
2024-09-23 23:24:21.734 [main] INFO  testCases.TC04_JSE_LoginTest - Clicked on MyAccount Link
2024-09-23 23:24:27.054 [main] INFO  testCases.TC04_JSE_LoginTest - Clicked on Login Link
2024-09-23 23:24:32.573 [main] INFO  testCases.TC04_JSE_LoginTest - ****** Finished TC02_LoginTest ******
2024-09-23 23:29:15.490 [main] DEBUG org.testng.TestNG - suiteXmlPath: "D:\OIT\BackendWorkspace\QafoxCartV1\master.xml"
2024-09-23 23:29:15.711 [main] INFO  org.testng.internal.Utils - [TestNG] Running:
  D:\OIT\BackendWorkspace\QafoxCartV1\master.xml

2024-09-23 23:29:23.884 [main] INFO  testCases.TC04_JSE_LoginTest - ****** Starting TC04_JSE_LoginTest ******
2024-09-23 23:29:23.906 [main] INFO  testCases.TC04_JSE_LoginTest - MyAccountWebElmnt() is [[ChromeDriver: chrome on windows (7d8df6b7da8fa236ee0548f1f12d1f63)] -> xpath: //span[normalize-space()='My Account']]
