2024-09-23 23:29:23.928 [main] INFO  testCases.TC04_JSE_LoginTest - Clicked on MyAccount Link
2024-09-23 23:29:29.536 [main] INFO  testCases.TC04_JSE_LoginTest - Clicked on Login Link
2024-09-23 23:29:35.305 [main] INFO  testCases.TC04_JSE_LoginTest - ****** Finished TC02_LoginTest ******
2024-09-23 23:30:41.812 [main] DEBUG org.testng.TestNG - suiteXmlPath: "D:\OIT\BackendWorkspace\QafoxCartV1\master.xml"
2024-09-23 23:30:42.017 [main] INFO  org.testng.internal.Utils - [TestNG] Running:
  D:\OIT\BackendWorkspace\QafoxCartV1\master.xml

2024-09-23 23:30:46.213 [main] INFO  testCases.TC04_JSE_LoginTest - ****** Starting TC04_JSE_LoginTest ******
2024-09-23 23:30:46.232 [main] INFO  testCases.TC04_JSE_LoginTest - MyAccountWebElmnt() is [[ChromeDriver: chrome on windows (f2e5da200113507be12facbdf3f2f28c)] -> xpath: //span[normalize-space()='My Account']]
2024-09-23 23:30:46.256 [main] INFO  testCases.TC04_JSE_LoginTest - Clicked on MyAccount Link
2024-09-23 23:30:51.547 [main] INFO  testCases.TC04_JSE_LoginTest - Clicked on Login Link
2024-09-23 23:30:57.014 [main] INFO  testCases.TC04_JSE_LoginTest - ****** Finished TC02_LoginTest ******
2024-09-23 23:39:54.634 [main] DEBUG org.testng.TestNG - suiteXmlPath: "D:\OIT\BackendWorkspace\QafoxCartV1\master.xml"
2024-09-23 23:39:54.891 [main] INFO  org.testng.internal.Utils - [TestNG] Running:
  D:\OIT\BackendWorkspace\QafoxCartV1\master.xml

2024-09-23 23:40:05.573 [main] INFO  testCases.TC04_JSE_LoginTest - ****** Starting TC04_JSE_LoginTest ******
2024-09-23 23:40:05.596 [main] INFO  testCases.TC04_JSE_LoginTest - MyAccountWebElmnt() is [[ChromeDriver: chrome on windows (0b920f6f68162a23365095c2a848b002)] -> xpath: //span[normalize-space()='My Account']]
2024-09-23 23:40:05.619 [main] INFO  testCases.TC04_JSE_LoginTest - Clicked on MyAccount Link
2024-09-23 23:40:10.825 [main] INFO  testCases.TC04_JSE_LoginTest - Clicked on Login Link
2024-09-23 23:40:11.338 [main] INFO  testCases.TC04_JSE_LoginTest - isValidLogin is [[ChromeDriver: chrome on windows (0b920f6f68162a23365095c2a848b002)] -> xpath: //h2[text()='My Account']]
2024-09-23 23:40:16.366 [main] INFO  testCases.TC04_JSE_LoginTest - ****** Finished TC02_LoginTest ******
2024-09-23 23:41:22.255 [main] DEBUG org.testng.TestNG - suiteXmlPath: "D:\OIT\BackendWorkspace\QafoxCartV1\master.xml"
2024-09-23 23:41:22.473 [main] INFO  org.testng.internal.Utils - [TestNG] Running:
  D:\OIT\BackendWorkspace\QafoxCartV1\master.xml

2024-09-23 23:41:26.518 [main] INFO  testCases.TC04_JSE_LoginTest - ****** Starting TC04_JSE_LoginTest ******
2024-09-23 23:41:26.538 [main] INFO  testCases.TC04_JSE_LoginTest - MyAccountWebElmnt() is [[ChromeDriver: chrome on windows (88af376f5ca25043fbce3e3e17b6da4a)] -> xpath: //span[normalize-space()='My Account']]
2024-09-23 23:41:26.556 [main] INFO  testCases.TC04_JSE_LoginTest - Clicked on MyAccount Link
2024-09-23 23:41:31.794 [main] INFO  testCases.TC04_JSE_LoginTest - Clicked on Login Link
2024-09-23 23:41:32.323 [main] INFO  testCases.TC04_JSE_LoginTest - isValidLogin is [[ChromeDriver: chrome on windows (88af376f5ca25043fbce3e3e17b6da4a)] -> xpath: //h2[text()='My Account']]
2024-09-23 23:41:32.348 [main] INFO  testCases.TC04_JSE_LoginTest - ValidLogintrue
2024-09-23 23:41:37.352 [main] INFO  testCases.TC04_JSE_LoginTest - ****** Finished TC02_LoginTest ******
